# JRE version: Java(TM) SE Runtime Environment (8.0_131-b11) (build 1.8.0_131-b11)
# Java VM: Java HotSpot(TM) 64-Bit Server VM (25.131-b11 mixed mode linux-amd64 compressed oops)
Heap:
 PSYoungGen      total 409088K, used 256K [0x00000000d6f00000, 0x00000000f0600000, 0x0000000100000000)
  eden space 401408K, 0% used [0x00000000d6f00000,0x00000000d6f00000,0x00000000ef700000)
  from space 7680K, 3% used [0x00000000ef700000,0x00000000ef740000,0x00000000efe80000)
  to   space 7680K, 0% used [0x00000000efe80000,0x00000000efe80000,0x00000000f0600000)
 ParOldGen       total 84992K, used 11007K [0x0000000084c00000, 0x0000000089f00000, 0x00000000d6f00000)
  object space 84992K, 12% used [0x0000000084c00000,0x00000000856bfcd0,0x0000000089f00000)
 Metaspace       used 4303K, capacity 4860K, committed 5120K, reserved 1056768K
  class space    used 444K, capacity 496K, committed 512K, reserved 1048576K
GC Heap History (10 events):
Event: 11.691 GC heap after
Heap after GC invocations=6 (full 0):
 PSYoungGen      total 130048K, used 4069K [0x00000000d6f00000, 0x00000000df500000, 0x0000000100000000)
  eden space 125952K, 0% used [0x00000000d6f00000,0x00000000d6f00000,0x00000000dea00000)
  from space 4096K, 99% used [0x00000000def00000,0x00000000df2f9690,0x00000000df300000)
  to   space 5120K, 0% used [0x00000000dea00000,0x00000000dea00000,0x00000000def00000)
 ParOldGen       total 84992K, used 564K [0x0000000084c00000, 0x0000000089f00000, 0x00000000d6f00000)
  object space 84992K, 0% used [0x0000000084c00000,0x0000000084c8d390,0x0000000089f00000)
 Metaspace       used 3928K, capacity 4700K, committed 4864K, reserved 1056768K
  class space    used 413K, capacity 464K, committed 512K, reserved 1048576K
}
Event: 12.342 GC heap before
{Heap before GC invocations=7 (full 0):
 PSYoungGen      total 130048K, used 130021K [0x00000000d6f00000, 0x00000000df500000, 0x0000000100000000)
  eden space 125952K, 100% used [0x00000000d6f00000,0x00000000dea00000,0x00000000dea00000)
  from space 4096K, 99% used [0x00000000def00000,0x00000000df2f9690,0x00000000df300000)
  to   space 5120K, 0% used [0x00000000dea00000,0x00000000dea00000,0x00000000def00000)
 ParOldGen       total 84992K, used 564K [0x0000000084c00000, 0x0000000089f00000, 0x00000000d6f00000)
  object space 84992K, 0% used [0x0000000084c00000,0x0000000084c8d390,0x0000000089f00000)
 Metaspace       used 3933K, capacity 4700K, committed 4864K, reserved 1056768K
  class space    used 413K, capacity 464K, committed 512K, reserved 1048576K
Event: 12.384 GC heap after
Heap after GC invocations=7 (full 0):
 PSYoungGen      total 131072K, used 5054K [0x00000000d6f00000, 0x00000000e7100000, 0x0000000100000000)
  eden space 125952K, 0% used [0x00000000d6f00000,0x00000000d6f00000,0x00000000dea00000)
  from space 5120K, 98% used [0x00000000dea00000,0x00000000deeef810,0x00000000def00000)
  to   space 6144K, 0% used [0x00000000e6b00000,0x00000000e6b00000,0x00000000e7100000)
 ParOldGen       total 84992K, used 2016K [0x0000000084c00000, 0x0000000089f00000, 0x00000000d6f00000)
  object space 84992K, 2% used [0x0000000084c00000,0x0000000084df80f0,0x0000000089f00000)
 Metaspace       used 3933K, capacity 4700K, committed 4864K, reserved 1056768K
  class space    used 413K, capacity 464K, committed 512K, reserved 1048576K
}
Event: 13.093 GC heap before
{Heap before GC invocations=8 (full 0):
 PSYoungGen      total 131072K, used 131006K [0x00000000d6f00000, 0x00000000e7100000, 0x0000000100000000)
  eden space 125952K, 100% used [0x00000000d6f00000,0x00000000dea00000,0x00000000dea00000)
  from space 5120K, 98% used [0x00000000dea00000,0x00000000deeef810,0x00000000def00000)
  to   space 6144K, 0% used [0x00000000e6b00000,0x00000000e6b00000,0x00000000e7100000)
 ParOldGen       total 84992K, used 2016K [0x0000000084c00000, 0x0000000089f00000, 0x00000000d6f00000)
  object space 84992K, 2% used [0x0000000084c00000,0x0000000084df80f0,0x0000000089f00000)
 Metaspace       used 3936K, capacity 4700K, committed 4864K, reserved 1056768K
  class space    used 413K, capacity 464K, committed 512K, reserved 1048576K
Event: 13.114 GC heap after
Heap after GC invocations=8 (full 0):
 PSYoungGen      total 257024K, used 5607K [0x00000000d6f00000, 0x00000000e7300000, 0x0000000100000000)
  eden space 250880K, 0% used [0x00000000d6f00000,0x00000000d6f00000,0x00000000e6400000)
  from space 6144K, 91% used [0x00000000e6b00000,0x00000000e7079fa0,0x00000000e7100000)
  to   space 7168K, 0% used [0x00000000e6400000,0x00000000e6400000,0x00000000e6b00000)
 ParOldGen       total 84992K, used 3814K [0x0000000084c00000, 0x0000000089f00000, 0x00000000d6f00000)
  object space 84992K, 4% used [0x0000000084c00000,0x0000000084fb9890,0x0000000089f00000)
 Metaspace       used 3936K, capacity 4700K, committed 4864K, reserved 1056768K
  class space    used 413K, capacity 464K, committed 512K, reserved 1048576K
}
Event: 15.571 GC heap before
{Heap before GC invocations=9 (full 0):
 PSYoungGen      total 257024K, used 256487K [0x00000000d6f00000, 0x00000000e7300000, 0x0000000100000000)
  eden space 250880K, 100% used [0x00000000d6f00000,0x00000000e6400000,0x00000000e6400000)
  from space 6144K, 91% used [0x00000000e6b00000,0x00000000e7079fa0,0x00000000e7100000)
  to   space 7168K, 0% used [0x00000000e6400000,0x00000000e6400000,0x00000000e6b00000)
 ParOldGen       total 84992K, used 3814K [0x0000000084c00000, 0x0000000089f00000, 0x00000000d6f00000)
  object space 84992K, 4% used [0x0000000084c00000,0x0000000084fb9890,0x0000000089f00000)
 Metaspace       used 4263K, capacity 4828K, committed 5120K, reserved 1056768K
  class space    used 440K, capacity 464K, committed 512K, reserved 1048576K
Event: 15.587 GC heap after
Heap after GC invocations=9 (full 0):
 PSYoungGen      total 258048K, used 5820K [0x00000000d6f00000, 0x00000000f0600000, 0x0000000100000000)
  eden space 250880K, 0% used [0x00000000d6f00000,0x00000000d6f00000,0x00000000e6400000)
  from space 7168K, 81% used [0x00000000e6400000,0x00000000e69af370,0x00000000e6b00000)
  to   space 7680K, 0% used [0x00000000efe80000,0x00000000efe80000,0x00000000f0600000)
 ParOldGen       total 84992K, used 5387K [0x0000000084c00000, 0x0000000089f00000, 0x00000000d6f00000)
  object space 84992K, 6% used [0x0000000084c00000,0x0000000085142ee0,0x0000000089f00000)
 Metaspace       used 4263K, capacity 4828K, committed 5120K, reserved 1056768K
  class space    used 440K, capacity 464K, committed 512K, reserved 1048576K
}
Event: 15.984 GC heap before
{Heap before GC invocations=10 (full 0):
 PSYoungGen      total 258048K, used 256700K [0x00000000d6f00000, 0x00000000f0600000, 0x0000000100000000)
  eden space 250880K, 100% used [0x00000000d6f00000,0x00000000e6400000,0x00000000e6400000)
  from space 7168K, 81% used [0x00000000e6400000,0x00000000e69af370,0x00000000e6b00000)
  to   space 7680K, 0% used [0x00000000efe80000,0x00000000efe80000,0x00000000f0600000)
 ParOldGen       total 84992K, used 5387K [0x0000000084c00000, 0x0000000089f00000, 0x00000000d6f00000)
  object space 84992K, 6% used [0x0000000084c00000,0x0000000085142ee0,0x0000000089f00000)
 Metaspace       used 4296K, capacity 4860K, committed 5120K, reserved 1056768K
  class space    used 444K, capacity 496K, committed 512K, reserved 1048576K
Event: 15.999 GC heap after
Heap after GC invocations=10 (full 0):
 PSYoungGen      total 409088K, used 2142K [0x00000000d6f00000, 0x00000000f0600000, 0x0000000100000000)
  eden space 401408K, 0% used [0x00000000d6f00000,0x00000000d6f00000,0x00000000ef700000)
  from space 7680K, 27% used [0x00000000efe80000,0x00000000f0097bc8,0x00000000f0600000)
  to   space 7680K, 0% used [0x00000000ef700000,0x00000000ef700000,0x00000000efe80000)
 ParOldGen       total 84992K, used 9357K [0x0000000084c00000, 0x0000000089f00000, 0x00000000d6f00000)
  object space 84992K, 11% used [0x0000000084c00000,0x00000000855234c0,0x0000000089f00000)
 Metaspace       used 4296K, capacity 4860K, committed 5120K, reserved 1056768K
  class space    used 444K, capacity 496K, committed 512K, reserved 1048576K
}
Event: 16.776 GC heap before
{Heap before GC invocations=11 (full 0):
 PSYoungGen      total 409088K, used 403550K [0x00000000d6f00000, 0x00000000f0600000, 0x0000000100000000)
  eden space 401408K, 100% used [0x00000000d6f00000,0x00000000ef700000,0x00000000ef700000)
  from space 7680K, 27% used [0x00000000efe80000,0x00000000f0097bc8,0x00000000f0600000)
  to   space 7680K, 0% used [0x00000000ef700000,0x00000000ef700000,0x00000000efe80000)
 ParOldGen       total 84992K, used 9357K [0x0000000084c00000, 0x0000000089f00000, 0x00000000d6f00000)
  object space 84992K, 11% used [0x0000000084c00000,0x00000000855234c0,0x0000000089f00000)
 Metaspace       used 4303K, capacity 4860K, committed 5120K, reserved 1056768K
  class space    used 444K, capacity 496K, committed 512K, reserved 1048576K

