# JRE version: Java(TM) SE Runtime Environment (8.0_131-b11) (build 1.8.0_131-b11)
# Java VM: Java HotSpot(TM) 64-Bit Server VM (25.131-b11 mixed mode linux-amd64 compressed oops)
Heap:
 PSYoungGen      total 409088K, used 256K [0x00000000d6f00000, 0x00000000f0600000, 0x0000000100000000)
  eden space 401408K, 0% used [0x00000000d6f00000,0x00000000d6f00000,0x00000000ef700000)
  from space 7680K, 3% used [0x00000000ef700000,0x00000000ef740000,0x00000000efe80000)
  to   space 7680K, 0% used [0x00000000efe80000,0x00000000efe80000,0x00000000f0600000)
 ParOldGen       total 84992K, used 11027K [0x0000000084c00000, 0x0000000089f00000, 0x00000000d6f00000)
  object space 84992K, 12% used [0x0000000084c00000,0x00000000856c4ce0,0x0000000089f00000)
 Metaspace       used 4298K, capacity 4860K, committed 5120K, reserved 1056768K
  class space    used 444K, capacity 496K, committed 512K, reserved 1048576K
GC Heap History (10 events):
Event: 3.469 GC heap after
Heap after GC invocations=6 (full 0):
 PSYoungGen      total 130048K, used 4094K [0x00000000d6f00000, 0x00000000df500000, 0x0000000100000000)
  eden space 125952K, 0% used [0x00000000d6f00000,0x00000000d6f00000,0x00000000dea00000)
  from space 4096K, 99% used [0x00000000def00000,0x00000000df2ff8d0,0x00000000df300000)
  to   space 5120K, 0% used [0x00000000dea00000,0x00000000dea00000,0x00000000def00000)
 ParOldGen       total 84992K, used 504K [0x0000000084c00000, 0x0000000089f00000, 0x00000000d6f00000)
  object space 84992K, 0% used [0x0000000084c00000,0x0000000084c7e160,0x0000000089f00000)
 Metaspace       used 3922K, capacity 4700K, committed 4864K, reserved 1056768K
  class space    used 413K, capacity 464K, committed 512K, reserved 1048576K
}
Event: 3.896 GC heap before
{Heap before GC invocations=7 (full 0):
 PSYoungGen      total 130048K, used 130046K [0x00000000d6f00000, 0x00000000df500000, 0x0000000100000000)
  eden space 125952K, 100% used [0x00000000d6f00000,0x00000000dea00000,0x00000000dea00000)
  from space 4096K, 99% used [0x00000000def00000,0x00000000df2ff8d0,0x00000000df300000)
  to   space 5120K, 0% used [0x00000000dea00000,0x00000000dea00000,0x00000000def00000)
 ParOldGen       total 84992K, used 504K [0x0000000084c00000, 0x0000000089f00000, 0x00000000d6f00000)
  object space 84992K, 0% used [0x0000000084c00000,0x0000000084c7e160,0x0000000089f00000)
 Metaspace       used 3925K, capacity 4700K, committed 4864K, reserved 1056768K
  class space    used 413K, capacity 464K, committed 512K, reserved 1048576K
Event: 3.912 GC heap after
Heap after GC invocations=7 (full 0):
 PSYoungGen      total 131072K, used 4585K [0x00000000d6f00000, 0x00000000e7100000, 0x0000000100000000)
  eden space 125952K, 0% used [0x00000000d6f00000,0x00000000d6f00000,0x00000000dea00000)
  from space 5120K, 89% used [0x00000000dea00000,0x00000000dee7a540,0x00000000def00000)
  to   space 6144K, 0% used [0x00000000e6b00000,0x00000000e6b00000,0x00000000e7100000)
 ParOldGen       total 84992K, used 2472K [0x0000000084c00000, 0x0000000089f00000, 0x00000000d6f00000)
  object space 84992K, 2% used [0x0000000084c00000,0x0000000084e6a3d0,0x0000000089f00000)
 Metaspace       used 3925K, capacity 4700K, committed 4864K, reserved 1056768K
  class space    used 413K, capacity 464K, committed 512K, reserved 1048576K
}
Event: 4.272 GC heap before
{Heap before GC invocations=8 (full 0):
 PSYoungGen      total 131072K, used 130537K [0x00000000d6f00000, 0x00000000e7100000, 0x0000000100000000)
  eden space 125952K, 100% used [0x00000000d6f00000,0x00000000dea00000,0x00000000dea00000)
  from space 5120K, 89% used [0x00000000dea00000,0x00000000dee7a540,0x00000000def00000)
  to   space 6144K, 0% used [0x00000000e6b00000,0x00000000e6b00000,0x00000000e7100000)
 ParOldGen       total 84992K, used 2472K [0x0000000084c00000, 0x0000000089f00000, 0x00000000d6f00000)
  object space 84992K, 2% used [0x0000000084c00000,0x0000000084e6a3d0,0x0000000089f00000)
 Metaspace       used 3928K, capacity 4700K, committed 4864K, reserved 1056768K
  class space    used 413K, capacity 464K, committed 512K, reserved 1048576K
Event: 4.290 GC heap after
Heap after GC invocations=8 (full 0):
 PSYoungGen      total 257024K, used 5920K [0x00000000d6f00000, 0x00000000e7300000, 0x0000000100000000)
  eden space 250880K, 0% used [0x00000000d6f00000,0x00000000d6f00000,0x00000000e6400000)
  from space 6144K, 96% used [0x00000000e6b00000,0x00000000e70c81e0,0x00000000e7100000)
  to   space 7168K, 0% used [0x00000000e6400000,0x00000000e6400000,0x00000000e6b00000)
 ParOldGen       total 84992K, used 3489K [0x0000000084c00000, 0x0000000089f00000, 0x00000000d6f00000)
  object space 84992K, 4% used [0x0000000084c00000,0x0000000084f68660,0x0000000089f00000)
 Metaspace       used 3928K, capacity 4700K, committed 4864K, reserved 1056768K
  class space    used 413K, capacity 464K, committed 512K, reserved 1048576K
}
Event: 5.580 GC heap before
{Heap before GC invocations=9 (full 0):
 PSYoungGen      total 257024K, used 256800K [0x00000000d6f00000, 0x00000000e7300000, 0x0000000100000000)
  eden space 250880K, 100% used [0x00000000d6f00000,0x00000000e6400000,0x00000000e6400000)
  from space 6144K, 96% used [0x00000000e6b00000,0x00000000e70c81e0,0x00000000e7100000)
  to   space 7168K, 0% used [0x00000000e6400000,0x00000000e6400000,0x00000000e6b00000)
 ParOldGen       total 84992K, used 3489K [0x0000000084c00000, 0x0000000089f00000, 0x00000000d6f00000)
  object space 84992K, 4% used [0x0000000084c00000,0x0000000084f68660,0x0000000089f00000)
 Metaspace       used 4259K, capacity 4828K, committed 5120K, reserved 1056768K
  class space    used 440K, capacity 464K, committed 512K, reserved 1048576K
Event: 5.599 GC heap after
Heap after GC invocations=9 (full 0):
 PSYoungGen      total 258048K, used 5884K [0x00000000d6f00000, 0x00000000f0600000, 0x0000000100000000)
  eden space 250880K, 0% used [0x00000000d6f00000,0x00000000d6f00000,0x00000000e6400000)
  from space 7168K, 82% used [0x00000000e6400000,0x00000000e69bf370,0x00000000e6b00000)
  to   space 7680K, 0% used [0x00000000efe80000,0x00000000efe80000,0x00000000f0600000)
 ParOldGen       total 84992K, used 5375K [0x0000000084c00000, 0x0000000089f00000, 0x00000000d6f00000)
  object space 84992K, 6% used [0x0000000084c00000,0x000000008513fef0,0x0000000089f00000)
 Metaspace       used 4259K, capacity 4828K, committed 5120K, reserved 1056768K
  class space    used 440K, capacity 464K, committed 512K, reserved 1048576K
}
Event: 6.047 GC heap before
{Heap before GC invocations=10 (full 0):
 PSYoungGen      total 258048K, used 256764K [0x00000000d6f00000, 0x00000000f0600000, 0x0000000100000000)
  eden space 250880K, 100% used [0x00000000d6f00000,0x00000000e6400000,0x00000000e6400000)
  from space 7168K, 82% used [0x00000000e6400000,0x00000000e69bf370,0x00000000e6b00000)
  to   space 7680K, 0% used [0x00000000efe80000,0x00000000efe80000,0x00000000f0600000)
 ParOldGen       total 84992K, used 5375K [0x0000000084c00000, 0x0000000089f00000, 0x00000000d6f00000)
  object space 84992K, 6% used [0x0000000084c00000,0x000000008513fef0,0x0000000089f00000)
 Metaspace       used 4292K, capacity 4860K, committed 5120K, reserved 1056768K
  class space    used 444K, capacity 496K, committed 512K, reserved 1048576K
Event: 6.055 GC heap after
Heap after GC invocations=10 (full 0):
 PSYoungGen      total 409088K, used 2174K [0x00000000d6f00000, 0x00000000f0600000, 0x0000000100000000)
  eden space 401408K, 0% used [0x00000000d6f00000,0x00000000d6f00000,0x00000000ef700000)
  from space 7680K, 28% used [0x00000000efe80000,0x00000000f009f920,0x00000000f0600000)
  to   space 7680K, 0% used [0x00000000ef700000,0x00000000ef700000,0x00000000efe80000)
 ParOldGen       total 84992K, used 9361K [0x0000000084c00000, 0x0000000089f00000, 0x00000000d6f00000)
  object space 84992K, 11% used [0x0000000084c00000,0x00000000855244d0,0x0000000089f00000)
 Metaspace       used 4292K, capacity 4860K, committed 5120K, reserved 1056768K
  class space    used 444K, capacity 496K, committed 512K, reserved 1048576K
}
Event: 6.711 GC heap before
{Heap before GC invocations=11 (full 0):
 PSYoungGen      total 409088K, used 403582K [0x00000000d6f00000, 0x00000000f0600000, 0x0000000100000000)
  eden space 401408K, 100% used [0x00000000d6f00000,0x00000000ef700000,0x00000000ef700000)
  from space 7680K, 28% used [0x00000000efe80000,0x00000000f009f920,0x00000000f0600000)
  to   space 7680K, 0% used [0x00000000ef700000,0x00000000ef700000,0x00000000efe80000)
 ParOldGen       total 84992K, used 9361K [0x0000000084c00000, 0x0000000089f00000, 0x00000000d6f00000)
  object space 84992K, 11% used [0x0000000084c00000,0x00000000855244d0,0x0000000089f00000)
 Metaspace       used 4298K, capacity 4860K, committed 5120K, reserved 1056768K
  class space    used 444K, capacity 496K, committed 512K, reserved 1048576K

