# JRE version: Java(TM) SE Runtime Environment (8.0_131-b11) (build 1.8.0_131-b11)
# Java VM: Java HotSpot(TM) 64-Bit Server VM (25.131-b11 mixed mode linux-amd64 compressed oops)
Heap:
 PSYoungGen      total 410112K, used 288K [0x00000000d6f00000, 0x00000000f0800000, 0x0000000100000000)
  eden space 401408K, 0% used [0x00000000d6f00000,0x00000000d6f00000,0x00000000ef700000)
  from space 8704K, 3% used [0x00000000ef700000,0x00000000ef748000,0x00000000eff80000)
  to   space 8704K, 0% used [0x00000000eff80000,0x00000000eff80000,0x00000000f0800000)
 ParOldGen       total 84992K, used 11011K [0x0000000084c00000, 0x0000000089f00000, 0x00000000d6f00000)
  object space 84992K, 12% used [0x0000000084c00000,0x00000000856c0ce0,0x0000000089f00000)
 Metaspace       used 4294K, capacity 4860K, committed 5120K, reserved 1056768K
  class space    used 444K, capacity 496K, committed 512K, reserved 1048576K
GC Heap History (10 events):
Event: 3.150 GC heap after
Heap after GC invocations=6 (full 0):
 PSYoungGen      total 130048K, used 4076K [0x00000000d6f00000, 0x00000000df500000, 0x0000000100000000)
  eden space 125952K, 0% used [0x00000000d6f00000,0x00000000d6f00000,0x00000000dea00000)
  from space 4096K, 99% used [0x00000000def00000,0x00000000df2fb130,0x00000000df300000)
  to   space 5120K, 0% used [0x00000000dea00000,0x00000000dea00000,0x00000000def00000)
 ParOldGen       total 84992K, used 516K [0x0000000084c00000, 0x0000000089f00000, 0x00000000d6f00000)
  object space 84992K, 0% used [0x0000000084c00000,0x0000000084c81390,0x0000000089f00000)
 Metaspace       used 3918K, capacity 4700K, committed 4864K, reserved 1056768K
  class space    used 413K, capacity 464K, committed 512K, reserved 1048576K
}
Event: 3.613 GC heap before
{Heap before GC invocations=7 (full 0):
 PSYoungGen      total 130048K, used 130028K [0x00000000d6f00000, 0x00000000df500000, 0x0000000100000000)
  eden space 125952K, 100% used [0x00000000d6f00000,0x00000000dea00000,0x00000000dea00000)
  from space 4096K, 99% used [0x00000000def00000,0x00000000df2fb130,0x00000000df300000)
  to   space 5120K, 0% used [0x00000000dea00000,0x00000000dea00000,0x00000000def00000)
 ParOldGen       total 84992K, used 516K [0x0000000084c00000, 0x0000000089f00000, 0x00000000d6f00000)
  object space 84992K, 0% used [0x0000000084c00000,0x0000000084c81390,0x0000000089f00000)
 Metaspace       used 3918K, capacity 4700K, committed 4864K, reserved 1056768K
  class space    used 413K, capacity 464K, committed 512K, reserved 1048576K
Event: 3.646 GC heap after
Heap after GC invocations=7 (full 0):
 PSYoungGen      total 131072K, used 5100K [0x00000000d6f00000, 0x00000000e7300000, 0x0000000100000000)
  eden space 125952K, 0% used [0x00000000d6f00000,0x00000000d6f00000,0x00000000dea00000)
  from space 5120K, 99% used [0x00000000dea00000,0x00000000deefb0a0,0x00000000def00000)
  to   space 7168K, 0% used [0x00000000e6c00000,0x00000000e6c00000,0x00000000e7300000)
 ParOldGen       total 84992K, used 1934K [0x0000000084c00000, 0x0000000089f00000, 0x00000000d6f00000)
  object space 84992K, 2% used [0x0000000084c00000,0x0000000084de3870,0x0000000089f00000)
 Metaspace       used 3918K, capacity 4700K, committed 4864K, reserved 1056768K
  class space    used 413K, capacity 464K, committed 512K, reserved 1048576K
}
Event: 4.065 GC heap before
{Heap before GC invocations=8 (full 0):
 PSYoungGen      total 131072K, used 131052K [0x00000000d6f00000, 0x00000000e7300000, 0x0000000100000000)
  eden space 125952K, 100% used [0x00000000d6f00000,0x00000000dea00000,0x00000000dea00000)
  from space 5120K, 99% used [0x00000000dea00000,0x00000000deefb0a0,0x00000000def00000)
  to   space 7168K, 0% used [0x00000000e6c00000,0x00000000e6c00000,0x00000000e7300000)
 ParOldGen       total 84992K, used 1934K [0x0000000084c00000, 0x0000000089f00000, 0x00000000d6f00000)
  object space 84992K, 2% used [0x0000000084c00000,0x0000000084de3870,0x0000000089f00000)
 Metaspace       used 3924K, capacity 4700K, committed 4864K, reserved 1056768K
  class space    used 413K, capacity 464K, committed 512K, reserved 1048576K
Event: 4.075 GC heap after
Heap after GC invocations=8 (full 0):
 PSYoungGen      total 258048K, used 6499K [0x00000000d6f00000, 0x00000000e7500000, 0x0000000100000000)
  eden space 250880K, 0% used [0x00000000d6f00000,0x00000000d6f00000,0x00000000e6400000)
  from space 7168K, 90% used [0x00000000e6c00000,0x00000000e7258d40,0x00000000e7300000)
  to   space 8192K, 0% used [0x00000000e6400000,0x00000000e6400000,0x00000000e6c00000)
 ParOldGen       total 84992K, used 2950K [0x0000000084c00000, 0x0000000089f00000, 0x00000000d6f00000)
  object space 84992K, 3% used [0x0000000084c00000,0x0000000084ee1b00,0x0000000089f00000)
 Metaspace       used 3924K, capacity 4700K, committed 4864K, reserved 1056768K
  class space    used 413K, capacity 464K, committed 512K, reserved 1048576K
}
Event: 5.296 GC heap before
{Heap before GC invocations=9 (full 0):
 PSYoungGen      total 258048K, used 257379K [0x00000000d6f00000, 0x00000000e7500000, 0x0000000100000000)
  eden space 250880K, 100% used [0x00000000d6f00000,0x00000000e6400000,0x00000000e6400000)
  from space 7168K, 90% used [0x00000000e6c00000,0x00000000e7258d40,0x00000000e7300000)
  to   space 8192K, 0% used [0x00000000e6400000,0x00000000e6400000,0x00000000e6c00000)
 ParOldGen       total 84992K, used 2950K [0x0000000084c00000, 0x0000000089f00000, 0x00000000d6f00000)
  object space 84992K, 3% used [0x0000000084c00000,0x0000000084ee1b00,0x0000000089f00000)
 Metaspace       used 4254K, capacity 4828K, committed 5120K, reserved 1056768K
  class space    used 440K, capacity 464K, committed 512K, reserved 1048576K
Event: 5.338 GC heap after
Heap after GC invocations=9 (full 0):
 PSYoungGen      total 259072K, used 6634K [0x00000000d6f00000, 0x00000000f0800000, 0x0000000100000000)
  eden space 250880K, 0% used [0x00000000d6f00000,0x00000000d6f00000,0x00000000e6400000)
  from space 8192K, 80% used [0x00000000e6400000,0x00000000e6a7a880,0x00000000e6c00000)
  to   space 8704K, 0% used [0x00000000eff80000,0x00000000eff80000,0x00000000f0800000)
 ParOldGen       total 84992K, used 4602K [0x0000000084c00000, 0x0000000089f00000, 0x00000000d6f00000)
  object space 84992K, 5% used [0x0000000084c00000,0x000000008507e9e0,0x0000000089f00000)
 Metaspace       used 4254K, capacity 4828K, committed 5120K, reserved 1056768K
  class space    used 440K, capacity 464K, committed 512K, reserved 1048576K
}
Event: 5.672 GC heap before
{Heap before GC invocations=10 (full 0):
 PSYoungGen      total 259072K, used 257514K [0x00000000d6f00000, 0x00000000f0800000, 0x0000000100000000)
  eden space 250880K, 100% used [0x00000000d6f00000,0x00000000e6400000,0x00000000e6400000)
  from space 8192K, 80% used [0x00000000e6400000,0x00000000e6a7a880,0x00000000e6c00000)
  to   space 8704K, 0% used [0x00000000eff80000,0x00000000eff80000,0x00000000f0800000)
 ParOldGen       total 84992K, used 4602K [0x0000000084c00000, 0x0000000089f00000, 0x00000000d6f00000)
  object space 84992K, 5% used [0x0000000084c00000,0x000000008507e9e0,0x0000000089f00000)
 Metaspace       used 4287K, capacity 4860K, committed 5120K, reserved 1056768K
  class space    used 444K, capacity 496K, committed 512K, reserved 1048576K
Event: 5.697 GC heap after
Heap after GC invocations=10 (full 0):
 PSYoungGen      total 410112K, used 2106K [0x00000000d6f00000, 0x00000000f0800000, 0x0000000100000000)
  eden space 401408K, 0% used [0x00000000d6f00000,0x00000000d6f00000,0x00000000ef700000)
  from space 8704K, 24% used [0x00000000eff80000,0x00000000f018e908,0x00000000f0800000)
  to   space 8704K, 0% used [0x00000000ef700000,0x00000000ef700000,0x00000000eff80000)
 ParOldGen       total 84992K, used 9361K [0x0000000084c00000, 0x0000000089f00000, 0x00000000d6f00000)
  object space 84992K, 11% used [0x0000000084c00000,0x00000000855244d0,0x0000000089f00000)
 Metaspace       used 4287K, capacity 4860K, committed 5120K, reserved 1056768K
  class space    used 444K, capacity 496K, committed 512K, reserved 1048576K
}
Event: 6.401 GC heap before
{Heap before GC invocations=11 (full 0):
 PSYoungGen      total 410112K, used 403514K [0x00000000d6f00000, 0x00000000f0800000, 0x0000000100000000)
  eden space 401408K, 100% used [0x00000000d6f00000,0x00000000ef700000,0x00000000ef700000)
  from space 8704K, 24% used [0x00000000eff80000,0x00000000f018e908,0x00000000f0800000)
  to   space 8704K, 0% used [0x00000000ef700000,0x00000000ef700000,0x00000000eff80000)
 ParOldGen       total 84992K, used 9361K [0x0000000084c00000, 0x0000000089f00000, 0x00000000d6f00000)
  object space 84992K, 11% used [0x0000000084c00000,0x00000000855244d0,0x0000000089f00000)
 Metaspace       used 4294K, capacity 4860K, committed 5120K, reserved 1056768K
  class space    used 444K, capacity 496K, committed 512K, reserved 1048576K

