# JRE version: Java(TM) SE Runtime Environment (8.0_131-b11) (build 1.8.0_131-b11)
# Java VM: Java HotSpot(TM) 64-Bit Server VM (25.131-b11 mixed mode linux-amd64 compressed oops)
Heap:
 PSYoungGen      total 407552K, used 288K [0x00000000d6f00000, 0x00000000f0480000, 0x0000000100000000)
  eden space 399872K, 0% used [0x00000000d6f00000,0x00000000d6f00000,0x00000000ef580000)
  from space 7680K, 3% used [0x00000000ef580000,0x00000000ef5c8000,0x00000000efd00000)
  to   space 7680K, 0% used [0x00000000efd00000,0x00000000efd00000,0x00000000f0480000)
 ParOldGen       total 84992K, used 10991K [0x0000000084c00000, 0x0000000089f00000, 0x00000000d6f00000)
  object space 84992K, 12% used [0x0000000084c00000,0x00000000856bbcd0,0x0000000089f00000)
 Metaspace       used 4305K, capacity 4860K, committed 5120K, reserved 1056768K
  class space    used 444K, capacity 496K, committed 512K, reserved 1048576K
GC Heap History (10 events):
Event: 3.260 GC heap after
Heap after GC invocations=6 (full 0):
 PSYoungGen      total 129536K, used 4085K [0x00000000d6f00000, 0x00000000df600000, 0x0000000100000000)
  eden space 125440K, 0% used [0x00000000d6f00000,0x00000000d6f00000,0x00000000de980000)
  from space 4096K, 99% used [0x00000000def00000,0x00000000df2fd6a0,0x00000000df300000)
  to   space 5632K, 0% used [0x00000000de980000,0x00000000de980000,0x00000000def00000)
 ParOldGen       total 84992K, used 580K [0x0000000084c00000, 0x0000000089f00000, 0x00000000d6f00000)
  object space 84992K, 0% used [0x0000000084c00000,0x0000000084c91360,0x0000000089f00000)
 Metaspace       used 3930K, capacity 4700K, committed 4864K, reserved 1056768K
  class space    used 413K, capacity 464K, committed 512K, reserved 1048576K
}
Event: 3.821 GC heap before
{Heap before GC invocations=7 (full 0):
 PSYoungGen      total 129536K, used 129525K [0x00000000d6f00000, 0x00000000df600000, 0x0000000100000000)
  eden space 125440K, 100% used [0x00000000d6f00000,0x00000000de980000,0x00000000de980000)
  from space 4096K, 99% used [0x00000000def00000,0x00000000df2fd6a0,0x00000000df300000)
  to   space 5632K, 0% used [0x00000000de980000,0x00000000de980000,0x00000000def00000)
 ParOldGen       total 84992K, used 580K [0x0000000084c00000, 0x0000000089f00000, 0x00000000d6f00000)
  object space 84992K, 0% used [0x0000000084c00000,0x0000000084c91360,0x0000000089f00000)
 Metaspace       used 3934K, capacity 4700K, committed 4864K, reserved 1056768K
  class space    used 413K, capacity 464K, committed 512K, reserved 1048576K
Event: 3.841 GC heap after
Heap after GC invocations=7 (full 0):
 PSYoungGen      total 131072K, used 5054K [0x00000000d6f00000, 0x00000000e7000000, 0x0000000100000000)
  eden space 125440K, 0% used [0x00000000d6f00000,0x00000000d6f00000,0x00000000de980000)
  from space 5632K, 89% used [0x00000000de980000,0x00000000dee6f810,0x00000000def00000)
  to   space 6144K, 0% used [0x00000000e6a00000,0x00000000e6a00000,0x00000000e7000000)
 ParOldGen       total 84992K, used 2008K [0x0000000084c00000, 0x0000000089f00000, 0x00000000d6f00000)
  object space 84992K, 2% used [0x0000000084c00000,0x0000000084df60f0,0x0000000089f00000)
 Metaspace       used 3934K, capacity 4700K, committed 4864K, reserved 1056768K
  class space    used 413K, capacity 464K, committed 512K, reserved 1048576K
}
Event: 4.179 GC heap before
{Heap before GC invocations=8 (full 0):
 PSYoungGen      total 131072K, used 130494K [0x00000000d6f00000, 0x00000000e7000000, 0x0000000100000000)
  eden space 125440K, 100% used [0x00000000d6f00000,0x00000000de980000,0x00000000de980000)
  from space 5632K, 89% used [0x00000000de980000,0x00000000dee6f810,0x00000000def00000)
  to   space 6144K, 0% used [0x00000000e6a00000,0x00000000e6a00000,0x00000000e7000000)
 ParOldGen       total 84992K, used 2008K [0x0000000084c00000, 0x0000000089f00000, 0x00000000d6f00000)
  object space 84992K, 2% used [0x0000000084c00000,0x0000000084df60f0,0x0000000089f00000)
 Metaspace       used 3936K, capacity 4700K, committed 4864K, reserved 1056768K
  class space    used 413K, capacity 464K, committed 512K, reserved 1048576K
Event: 4.197 GC heap after
Heap after GC invocations=8 (full 0):
 PSYoungGen      total 256000K, used 5607K [0x00000000d6f00000, 0x00000000e7200000, 0x0000000100000000)
  eden space 249856K, 0% used [0x00000000d6f00000,0x00000000d6f00000,0x00000000e6300000)
  from space 6144K, 91% used [0x00000000e6a00000,0x00000000e6f79fa0,0x00000000e7000000)
  to   space 7168K, 0% used [0x00000000e6300000,0x00000000e6300000,0x00000000e6a00000)
 ParOldGen       total 84992K, used 3806K [0x0000000084c00000, 0x0000000089f00000, 0x00000000d6f00000)
  object space 84992K, 4% used [0x0000000084c00000,0x0000000084fb7890,0x0000000089f00000)
 Metaspace       used 3936K, capacity 4700K, committed 4864K, reserved 1056768K
  class space    used 413K, capacity 464K, committed 512K, reserved 1048576K
}
Event: 5.475 GC heap before
{Heap before GC invocations=9 (full 0):
 PSYoungGen      total 256000K, used 255463K [0x00000000d6f00000, 0x00000000e7200000, 0x0000000100000000)
  eden space 249856K, 100% used [0x00000000d6f00000,0x00000000e6300000,0x00000000e6300000)
  from space 6144K, 91% used [0x00000000e6a00000,0x00000000e6f79fa0,0x00000000e7000000)
  to   space 7168K, 0% used [0x00000000e6300000,0x00000000e6300000,0x00000000e6a00000)
 ParOldGen       total 84992K, used 3806K [0x0000000084c00000, 0x0000000089f00000, 0x00000000d6f00000)
  object space 84992K, 4% used [0x0000000084c00000,0x0000000084fb7890,0x0000000089f00000)
 Metaspace       used 4265K, capacity 4828K, committed 5120K, reserved 1056768K
  class space    used 440K, capacity 464K, committed 512K, reserved 1048576K
Event: 5.523 GC heap after
Heap after GC invocations=9 (full 0):
 PSYoungGen      total 257024K, used 5788K [0x00000000d6f00000, 0x00000000f0480000, 0x0000000100000000)
  eden space 249856K, 0% used [0x00000000d6f00000,0x00000000d6f00000,0x00000000e6300000)
  from space 7168K, 80% used [0x00000000e6300000,0x00000000e68a7370,0x00000000e6a00000)
  to   space 7680K, 0% used [0x00000000efd00000,0x00000000efd00000,0x00000000f0480000)
 ParOldGen       total 84992K, used 5371K [0x0000000084c00000, 0x0000000089f00000, 0x00000000d6f00000)
  object space 84992K, 6% used [0x0000000084c00000,0x000000008513eee0,0x0000000089f00000)
 Metaspace       used 4265K, capacity 4828K, committed 5120K, reserved 1056768K
  class space    used 440K, capacity 464K, committed 512K, reserved 1048576K
}
Event: 5.917 GC heap before
{Heap before GC invocations=10 (full 0):
 PSYoungGen      total 257024K, used 255644K [0x00000000d6f00000, 0x00000000f0480000, 0x0000000100000000)
  eden space 249856K, 100% used [0x00000000d6f00000,0x00000000e6300000,0x00000000e6300000)
  from space 7168K, 80% used [0x00000000e6300000,0x00000000e68a7370,0x00000000e6a00000)
  to   space 7680K, 0% used [0x00000000efd00000,0x00000000efd00000,0x00000000f0480000)
 ParOldGen       total 84992K, used 5371K [0x0000000084c00000, 0x0000000089f00000, 0x00000000d6f00000)
  object space 84992K, 6% used [0x0000000084c00000,0x000000008513eee0,0x0000000089f00000)
 Metaspace       used 4298K, capacity 4860K, committed 5120K, reserved 1056768K
  class space    used 444K, capacity 496K, committed 512K, reserved 1048576K
Event: 5.929 GC heap after
Heap after GC invocations=10 (full 0):
 PSYoungGen      total 407552K, used 2200K [0x00000000d6f00000, 0x00000000f0480000, 0x0000000100000000)
  eden space 399872K, 0% used [0x00000000d6f00000,0x00000000d6f00000,0x00000000ef580000)
  from space 7680K, 28% used [0x00000000efd00000,0x00000000eff26290,0x00000000f0480000)
  to   space 7680K, 0% used [0x00000000ef580000,0x00000000ef580000,0x00000000efd00000)
 ParOldGen       total 84992K, used 9341K [0x0000000084c00000, 0x0000000089f00000, 0x00000000d6f00000)
  object space 84992K, 10% used [0x0000000084c00000,0x000000008551f4c0,0x0000000089f00000)
 Metaspace       used 4298K, capacity 4860K, committed 5120K, reserved 1056768K
  class space    used 444K, capacity 496K, committed 512K, reserved 1048576K
}
Event: 6.645 GC heap before
{Heap before GC invocations=11 (full 0):
 PSYoungGen      total 407552K, used 402072K [0x00000000d6f00000, 0x00000000f0480000, 0x0000000100000000)
  eden space 399872K, 100% used [0x00000000d6f00000,0x00000000ef580000,0x00000000ef580000)
  from space 7680K, 28% used [0x00000000efd00000,0x00000000eff26290,0x00000000f0480000)
  to   space 7680K, 0% used [0x00000000ef580000,0x00000000ef580000,0x00000000efd00000)
 ParOldGen       total 84992K, used 9341K [0x0000000084c00000, 0x0000000089f00000, 0x00000000d6f00000)
  object space 84992K, 10% used [0x0000000084c00000,0x000000008551f4c0,0x0000000089f00000)
 Metaspace       used 4305K, capacity 4860K, committed 5120K, reserved 1056768K
  class space    used 444K, capacity 496K, committed 512K, reserved 1048576K

