# JRE version: Java(TM) SE Runtime Environment (8.0_181-b13) (build 1.8.0_181-b13)
# Java VM: Java HotSpot(TM) 64-Bit Server VM (25.181-b13 mixed mode linux-amd64 compressed oops)
Heap:
 PSYoungGen      total 408064K, used 64K [0x00000000d6f80000, 0x00000000eff80000, 0x0000000100000000)
  eden space 406528K, 0% used [0x00000000d6f80000,0x00000000d6f80000,0x00000000efc80000)
  from space 1536K, 4% used [0x00000000efc80000,0x00000000efc90000,0x00000000efe00000)
  to   space 1536K, 0% used [0x00000000efe00000,0x00000000efe00000,0x00000000eff80000)
 ParOldGen       total 84992K, used 928K [0x0000000084e00000, 0x000000008a100000, 0x00000000d6f80000)
  object space 84992K, 1% used [0x0000000084e00000,0x0000000084ee8070,0x000000008a100000)
 Metaspace       used 5378K, capacity 5572K, committed 5888K, reserved 1056768K
  class space    used 581K, capacity 644K, committed 768K, reserved 1048576K
GC Heap History (10 events):
Event: 2.778 GC heap after
Heap after GC invocations=6 (full 0):
 PSYoungGen      total 128512K, used 928K [0x00000000d6f80000, 0x00000000dee80000, 0x0000000100000000)
  eden space 126976K, 0% used [0x00000000d6f80000,0x00000000d6f80000,0x00000000deb80000)
  from space 1536K, 60% used [0x00000000ded00000,0x00000000dede8020,0x00000000dee80000)
  to   space 1536K, 0% used [0x00000000deb80000,0x00000000deb80000,0x00000000ded00000)
 ParOldGen       total 84992K, used 24K [0x0000000084e00000, 0x000000008a100000, 0x00000000d6f80000)
  object space 84992K, 0% used [0x0000000084e00000,0x0000000084e06000,0x000000008a100000)
 Metaspace       used 5372K, capacity 5572K, committed 5888K, reserved 1056768K
  class space    used 581K, capacity 644K, committed 768K, reserved 1048576K
}
Event: 2.918 GC heap before
{Heap before GC invocations=7 (full 0):
 PSYoungGen      total 128512K, used 127904K [0x00000000d6f80000, 0x00000000dee80000, 0x0000000100000000)
  eden space 126976K, 100% used [0x00000000d6f80000,0x00000000deb80000,0x00000000deb80000)
  from space 1536K, 60% used [0x00000000ded00000,0x00000000dede8020,0x00000000dee80000)
  to   space 1536K, 0% used [0x00000000deb80000,0x00000000deb80000,0x00000000ded00000)
 ParOldGen       total 84992K, used 24K [0x0000000084e00000, 0x000000008a100000, 0x00000000d6f80000)
  object space 84992K, 0% used [0x0000000084e00000,0x0000000084e06000,0x000000008a100000)
 Metaspace       used 5372K, capacity 5572K, committed 5888K, reserved 1056768K
  class space    used 581K, capacity 644K, committed 768K, reserved 1048576K
Event: 2.920 GC heap after
Heap after GC invocations=7 (full 0):
 PSYoungGen      total 128512K, used 32K [0x00000000d6f80000, 0x00000000e6a80000, 0x0000000100000000)
  eden space 126976K, 0% used [0x00000000d6f80000,0x00000000d6f80000,0x00000000deb80000)
  from space 1536K, 2% used [0x00000000deb80000,0x00000000deb88000,0x00000000ded00000)
  to   space 1536K, 0% used [0x00000000e6900000,0x00000000e6900000,0x00000000e6a80000)
 ParOldGen       total 84992K, used 912K [0x0000000084e00000, 0x000000008a100000, 0x00000000d6f80000)
  object space 84992K, 1% used [0x0000000084e00000,0x0000000084ee4070,0x000000008a100000)
 Metaspace       used 5372K, capacity 5572K, committed 5888K, reserved 1056768K
  class space    used 581K, capacity 644K, committed 768K, reserved 1048576K
}
Event: 3.041 GC heap before
{Heap before GC invocations=8 (full 0):
 PSYoungGen      total 128512K, used 127008K [0x00000000d6f80000, 0x00000000e6a80000, 0x0000000100000000)
  eden space 126976K, 100% used [0x00000000d6f80000,0x00000000deb80000,0x00000000deb80000)
  from space 1536K, 2% used [0x00000000deb80000,0x00000000deb88000,0x00000000ded00000)
  to   space 1536K, 0% used [0x00000000e6900000,0x00000000e6900000,0x00000000e6a80000)
 ParOldGen       total 84992K, used 912K [0x0000000084e00000, 0x000000008a100000, 0x00000000d6f80000)
  object space 84992K, 1% used [0x0000000084e00000,0x0000000084ee4070,0x000000008a100000)
 Metaspace       used 5372K, capacity 5572K, committed 5888K, reserved 1056768K
  class space    used 581K, capacity 644K, committed 768K, reserved 1048576K
Event: 3.042 GC heap after
Heap after GC invocations=8 (full 0):
 PSYoungGen      total 255488K, used 64K [0x00000000d6f80000, 0x00000000e6a80000, 0x0000000100000000)
  eden space 253952K, 0% used [0x00000000d6f80000,0x00000000d6f80000,0x00000000e6780000)
  from space 1536K, 4% used [0x00000000e6900000,0x00000000e6910000,0x00000000e6a80000)
  to   space 1536K, 0% used [0x00000000e6780000,0x00000000e6780000,0x00000000e6900000)
 ParOldGen       total 84992K, used 912K [0x0000000084e00000, 0x000000008a100000, 0x00000000d6f80000)
  object space 84992K, 1% used [0x0000000084e00000,0x0000000084ee4070,0x000000008a100000)
 Metaspace       used 5372K, capacity 5572K, committed 5888K, reserved 1056768K
  class space    used 581K, capacity 644K, committed 768K, reserved 1048576K
}
Event: 3.344 GC heap before
{Heap before GC invocations=9 (full 0):
 PSYoungGen      total 255488K, used 254016K [0x00000000d6f80000, 0x00000000e6a80000, 0x0000000100000000)
  eden space 253952K, 100% used [0x00000000d6f80000,0x00000000e6780000,0x00000000e6780000)
  from space 1536K, 4% used [0x00000000e6900000,0x00000000e6910000,0x00000000e6a80000)
  to   space 1536K, 0% used [0x00000000e6780000,0x00000000e6780000,0x00000000e6900000)
 ParOldGen       total 84992K, used 912K [0x0000000084e00000, 0x000000008a100000, 0x00000000d6f80000)
  object space 84992K, 1% used [0x0000000084e00000,0x0000000084ee4070,0x000000008a100000)
 Metaspace       used 5377K, capacity 5572K, committed 5888K, reserved 1056768K
  class space    used 581K, capacity 644K, committed 768K, reserved 1048576K
Event: 3.345 GC heap after
Heap after GC invocations=9 (full 0):
 PSYoungGen      total 255488K, used 64K [0x00000000d6f80000, 0x00000000eff80000, 0x0000000100000000)
  eden space 253952K, 0% used [0x00000000d6f80000,0x00000000d6f80000,0x00000000e6780000)
  from space 1536K, 4% used [0x00000000e6780000,0x00000000e6790000,0x00000000e6900000)
  to   space 1536K, 0% used [0x00000000efe00000,0x00000000efe00000,0x00000000eff80000)
 ParOldGen       total 84992K, used 912K [0x0000000084e00000, 0x000000008a100000, 0x00000000d6f80000)
  object space 84992K, 1% used [0x0000000084e00000,0x0000000084ee4070,0x000000008a100000)
 Metaspace       used 5377K, capacity 5572K, committed 5888K, reserved 1056768K
  class space    used 581K, capacity 644K, committed 768K, reserved 1048576K
}
Event: 3.599 GC heap before
{Heap before GC invocations=10 (full 0):
 PSYoungGen      total 255488K, used 254016K [0x00000000d6f80000, 0x00000000eff80000, 0x0000000100000000)
  eden space 253952K, 100% used [0x00000000d6f80000,0x00000000e6780000,0x00000000e6780000)
  from space 1536K, 4% used [0x00000000e6780000,0x00000000e6790000,0x00000000e6900000)
  to   space 1536K, 0% used [0x00000000efe00000,0x00000000efe00000,0x00000000eff80000)
 ParOldGen       total 84992K, used 912K [0x0000000084e00000, 0x000000008a100000, 0x00000000d6f80000)
  object space 84992K, 1% used [0x0000000084e00000,0x0000000084ee4070,0x000000008a100000)
 Metaspace       used 5377K, capacity 5572K, committed 5888K, reserved 1056768K
  class space    used 581K, capacity 644K, committed 768K, reserved 1048576K
Event: 3.600 GC heap after
Heap after GC invocations=10 (full 0):
 PSYoungGen      total 408064K, used 64K [0x00000000d6f80000, 0x00000000eff80000, 0x0000000100000000)
  eden space 406528K, 0% used [0x00000000d6f80000,0x00000000d6f80000,0x00000000efc80000)
  from space 1536K, 4% used [0x00000000efe00000,0x00000000efe10000,0x00000000eff80000)
  to   space 1536K, 0% used [0x00000000efc80000,0x00000000efc80000,0x00000000efe00000)
 ParOldGen       total 84992K, used 920K [0x0000000084e00000, 0x000000008a100000, 0x00000000d6f80000)
  object space 84992K, 1% used [0x0000000084e00000,0x0000000084ee6070,0x000000008a100000)
 Metaspace       used 5377K, capacity 5572K, committed 5888K, reserved 1056768K
  class space    used 581K, capacity 644K, committed 768K, reserved 1048576K
}
Event: 4.056 GC heap before
{Heap before GC invocations=11 (full 0):
 PSYoungGen      total 408064K, used 406592K [0x00000000d6f80000, 0x00000000eff80000, 0x0000000100000000)
  eden space 406528K, 100% used [0x00000000d6f80000,0x00000000efc80000,0x00000000efc80000)
  from space 1536K, 4% used [0x00000000efe00000,0x00000000efe10000,0x00000000eff80000)
  to   space 1536K, 0% used [0x00000000efc80000,0x00000000efc80000,0x00000000efe00000)
 ParOldGen       total 84992K, used 920K [0x0000000084e00000, 0x000000008a100000, 0x00000000d6f80000)
  object space 84992K, 1% used [0x0000000084e00000,0x0000000084ee6070,0x000000008a100000)
 Metaspace       used 5378K, capacity 5572K, committed 5888K, reserved 1056768K
  class space    used 581K, capacity 644K, committed 768K, reserved 1048576K

